<?xml version="1.0" encoding="UTF-8"?>
<testsuite xmlns:xsi="http://www.w3.org/2001/XMLSchema-instance" xsi:noNamespaceSchemaLocation="https://maven.apache.org/surefire/maven-surefire-plugin/xsd/surefire-test-report-3.0.xsd" version="3.0" name="TestSuite" time="61.737" tests="1" errors="0" skipped="0" failures="1">
  <properties>
[...]
</properties>
  <testcase name="VerifyStrategyGenerationFeature" classname="com.rava.test.PlanTest" time="50.303">
    <failure message="Exception occured while testing VerifyStrategyGenerationFeature : no such element: Unable to locate element: {&quot;method&quot;:&quot;xpath&quot;,&quot;selector&quot;:&quot;(//input[@placeholder=&apos;Enter Name&apos;])[1]&quot;}&#10;  (Session info: chrome=127.0.6533.73)&#10;For documentation on this error, please visit: https://www.selenium.dev/documentation/webdriver/troubleshooting/errors#no-such-element-exception&#10;Build info: version: &apos;4.18.1&apos;, revision: &apos;b1d3319b48&apos;&#10;System info: os.name: &apos;Windows 11&apos;, os.arch: &apos;amd64&apos;, os.version: &apos;10.0&apos;, java.version: &apos;22.0.1&apos;&#10;Driver info: org.openqa.selenium.chrome.ChromeDriver&#10;Command: [11bc4e1308caa462ecbffc7b72830c54, findElement {value=(//input[@placeholder=&apos;Enter Name&apos;])[1], using=xpath}]&#10;Capabilities {acceptInsecureCerts: false, browserName: chrome, browserVersion: 127.0.6533.73, chrome: {chromedriverVersion: 127.0.6533.72 (9755e24ca85a..., userDataDir: C:\Users\BASFOU~1\AppData\L...}, fedcm:accounts: true, goog:chromeOptions: {debuggerAddress: localhost:64879}, networkConnectionEnabled: false, pageLoadStrategy: normal, platformName: windows, proxy: Proxy(), se:cdp: ws://localhost:64879/devtoo..., se:cdpVersion: 127.0.6533.73, setWindowRect: true, strictFileInteractability: false, timeouts: {implicit: 0, pageLoad: 300000, script: 30000}, unhandledPromptBehavior: dismiss and notify, webauthn:extension:credBlob: true, webauthn:extension:largeBlob: true, webauthn:extension:minPinLength: true, webauthn:extension:prf: true, webauthn:virtualAuthenticators: true}&#10;Session ID: 11bc4e1308caa462ecbffc7b72830c54" type="java.lang.AssertionError"><![CDATA[java.lang.AssertionError: 
Exception occured while testing VerifyStrategyGenerationFeature : no such element: Unable to locate element: {"method":"xpath","selector":"(//input[@placeholder='Enter Name'])[1]"}
  (Session info: chrome=127.0.6533.73)
For documentation on this error, please visit: https://www.selenium.dev/documentation/webdriver/troubleshooting/errors#no-such-element-exception
Build info: version: '4.18.1', revision: 'b1d3319b48'
System info: os.name: 'Windows 11', os.arch: 'amd64', os.version: '10.0', java.version: '22.0.1'
Driver info: org.openqa.selenium.chrome.ChromeDriver
Command: [11bc4e1308caa462ecbffc7b72830c54, findElement {value=(//input[@placeholder='Enter Name'])[1], using=xpath}]
Capabilities {acceptInsecureCerts: false, browserName: chrome, browserVersion: 127.0.6533.73, chrome: {chromedriverVersion: 127.0.6533.72 (9755e24ca85a..., userDataDir: C:\Users\BASFOU~1\AppData\L...}, fedcm:accounts: true, goog:chromeOptions: {debuggerAddress: localhost:64879}, networkConnectionEnabled: false, pageLoadStrategy: normal, platformName: windows, proxy: Proxy(), se:cdp: ws://localhost:64879/devtoo..., se:cdpVersion: 127.0.6533.73, setWindowRect: true, strictFileInteractability: false, timeouts: {implicit: 0, pageLoad: 300000, script: 30000}, unhandledPromptBehavior: dismiss and notify, webauthn:extension:credBlob: true, webauthn:extension:largeBlob: true, webauthn:extension:minPinLength: true, webauthn:extension:prf: true, webauthn:virtualAuthenticators: true}
Session ID: 11bc4e1308caa462ecbffc7b72830c54
	at com.rava.test.PlanTest.VerifyStrategyGenerationFeature(PlanTest.java:61)
]]></failure>
    <system-out><![CDATA[2024-07-30 12:26:28,327 [main] INFO  com.rava.test.PlanTest  - Starting of Launch Url
2024-07-30 12:26:28,329 [main] INFO  com.rava.test.BaseTest  - Starting of method getWebDriver
2024-07-30 12:26:35,308 [main] INFO  com.rava.test.BaseTest  - *************** Driver Successfully Created ************** 
2024-07-30 12:26:35,309 [main] INFO  com.rava.test.BaseTest  - End of method getWebDriver
2024-07-30 12:26:36,887 [main] INFO  com.rava.test.BaseTest  - Starting of method getWebDriver
2024-07-30 12:26:36,887 [main] DEBUG com.rava.test.BaseTest  - Using existing web driver PLAN_DRIVER
2024-07-30 12:26:36,887 [main] INFO  com.rava.test.BaseTest  - Starting of LoginWithPassword method
2024-07-30 12:26:36,893 [main] DEBUG com.rava.pages.BaseAutomationPage  - In Constructor C:\Users\BAS FOUNDATION\eclipse-workspace\automation-rava\src\main\resources
2024-07-30 12:26:36,938 [main] INFO  com.rava.pages.LoginPage  - Starting of enterEmail method
2024-07-30 12:26:37,300 [main] INFO  com.rava.pages.LoginPage  - Ending of enterEmail method
2024-07-30 12:26:37,300 [main] INFO  com.rava.pages.LoginPage  - Starting of enterPassword method
2024-07-30 12:26:37,556 [main] INFO  com.rava.pages.LoginPage  - Ending of enterPassword method
2024-07-30 12:26:37,556 [main] INFO  com.rava.pages.LoginPage  - Starting of clickOnLoginBtn method
2024-07-30 12:26:37,664 [main] INFO  com.rava.pages.LoginPage  - Ending of clickOnLoginBtn method
2024-07-30 12:26:38,250 [main] INFO  com.rava.test.BaseTest  - Ending of  LoginWithPassword  method
2024-07-30 12:26:38,250 [main] INFO  com.rava.test.PlanTest  - Ending of Launch Url
2024-07-30 12:26:38,313 [main] INFO  com.rava.test.PlanTest  - Starting of VerifyStrategyGenerationFeature
2024-07-30 12:26:38,314 [main] INFO  com.rava.pages.PlanPage  - Starting of clickOnPlanTab method
2024-07-30 12:26:38,392 [main] INFO  com.rava.pages.PlanPage  - Ending of clickOnPlanTab method
2024-07-30 12:26:38,396 [main] INFO  com.rava.pages.LoginPage  - Starting of enterBusinessName method
]]></system-out>
    <system-err><![CDATA[SLF4J: Failed to load class "org.slf4j.impl.StaticLoggerBinder".
SLF4J: Defaulting to no-operation (NOP) logger implementation
SLF4J: See http://www.slf4j.org/codes.html#StaticLoggerBinder for further details.
Jul 30, 2024 12:26:35 PM org.openqa.selenium.devtools.CdpVersionFinder findNearestMatch
WARNING: Unable to find CDP implementation matching 127
Jul 30, 2024 12:26:35 PM org.openqa.selenium.chromium.ChromiumDriver lambda$new$5
WARNING: Unable to find version of CDP to use for 127.0.6533.73. You may need to include a dependency on a specific version of the CDP using something similar to `org.seleniumhq.selenium:selenium-devtools-v86:4.18.1` where the version ("v86") matches the version of the chromium-based browser you're using and the version number of the artifact is the same as Selenium's.
]]></system-err>
  </testcase>
</testsuite>